Using pre-set license

 COMMAND LINE ARGUMENTS:
/Applications/Unity/Hub/Editor/2020.3.5f1/Unity.app/Contents/MacOS/Unity
-adb2
-batchMode
-noUpm
-name
AssetImportWorker0
-projectPath
/Users/gerardogalvez/dev/Tower Defense
-logFile
Logs/AssetImportWorker0.log
-srvPort
60442
Successfully changed project path to: /Users/gerardogalvez/dev/Tower Defense
/Users/gerardogalvez/dev/Tower Defense
Using Asset Import Pipeline V2.
Refreshing native plugins compatible for Editor in 393.40 ms, found 1 plugins.
Preloading 0 native plugins for Editor in 0.00 ms.
Initialize engine version: 2020.3.5f1 (8095aa901b9b)
[Subsystems] Discovering subsystems at path /Applications/Unity/Hub/Editor/2020.3.5f1/Unity.app/Contents/Resources/UnitySubsystems
[Subsystems] Discovering subsystems at path /Users/gerardogalvez/dev/Tower Defense/Assets
GfxDevice: creating device client; threaded=0
2023-07-05 11:59:20.629 Unity[58474:1271768] Color LCD preferred device: Intel(R) Iris(TM) Plus Graphics 640 (low power)
2023-07-05 11:59:20.629 Unity[58474:1271768] Metal devices available: 1
2023-07-05 11:59:20.629 Unity[58474:1271768] 0: Intel(R) Iris(TM) Plus Graphics 640 (low power)
2023-07-05 11:59:20.630 Unity[58474:1271768] Using device Intel(R) Iris(TM) Plus Graphics 640 (low power)
Initializing Metal device caps: Intel(R) Iris(TM) Plus Graphics 640
Shader 'Universal Render Pipeline/Particles/Lit': fallback shader 'Universal Render Pipeline/Particles/SimpleLit' not found
Initialize mono
Mono path[0] = '/Applications/Unity/Hub/Editor/2020.3.5f1/Unity.app/Contents/Managed'
Mono path[1] = '/Applications/Unity/Hub/Editor/2020.3.5f1/Unity.app/Contents/MonoBleedingEdge/lib/mono/unityjit'
Mono config path = '/Applications/Unity/Hub/Editor/2020.3.5f1/Unity.app/Contents/MonoBleedingEdge/etc'
Using monoOptions --debugger-agent=transport=dt_socket,embedding=1,server=y,suspend=n,address=127.0.0.1:56474
Begin MonoManager ReloadAssembly
Registering precompiled unity dll's ...
Register platform support module: /Applications/Unity/Hub/Editor/2020.3.5f1/PlaybackEngines/WebGLSupport/UnityEditor.WebGL.Extensions.dll
Register platform support module: /Applications/Unity/Hub/Editor/2020.3.5f1/Unity.app/Contents/PlaybackEngines/MacStandaloneSupport/UnityEditor.OSXStandalone.Extensions.dll
Register platform support module: /Applications/Unity/Hub/Editor/2020.3.5f1/PlaybackEngines/WindowsStandaloneSupport/UnityEditor.WindowsStandalone.Extensions.dll
Registered in 0.004805 seconds.
Native extension for WindowsStandalone target not found
Native extension for OSXStandalone target not found
Native extension for WebGL target not found
Refreshing native plugins compatible for Editor in 156.41 ms, found 1 plugins.
Preloading 0 native plugins for Editor in 0.00 ms.
Mono: successfully reloaded assembly
- Completed reload, in 16.165 seconds
Platform modules already initialized, skipping
Registering precompiled user dll's ...
Registered in 0.020601 seconds.
Begin MonoManager ReloadAssembly
Native extension for WindowsStandalone target not found
Native extension for OSXStandalone target not found
Native extension for WebGL target not found
Refreshing native plugins compatible for Editor in 91.79 ms, found 1 plugins.
Preloading 0 native plugins for Editor in 0.00 ms.
Mono: successfully reloaded assembly
- Completed reload, in  3.408 seconds
Platform modules already initialized, skipping
========================================================================
Worker process is ready to serve import requests
Shader 'Universal Render Pipeline/Particles/Lit': fallback shader 'Universal Render Pipeline/Particles/SimpleLit' not found
Launching external process: /Applications/Unity/Hub/Editor/2020.3.5f1/Unity.app/Contents/Tools/UnityShaderCompiler
Launched and connected shader compiler UnityShaderCompiler after 0.06 seconds
Refreshing native plugins compatible for Editor in 1.60 ms, found 1 plugins.
Preloading 0 native plugins for Editor in 0.00 ms.
Unloading 3144 Unused Serialized files (Serialized files now loaded: 0)
System memory in use before: 125.0 MB.
System memory in use after: 125.2 MB.

Unloading 39 unused Assets to reduce memory usage. Loaded Objects now: 3570.
Total: 7.368236 ms (FindLiveObjects: 0.791268 ms CreateObjectMapping: 0.377387 ms MarkObjects: 6.011394 ms  DeleteObjects: 0.185631 ms)

========================================================================
Received Import Request.
  path: Assets/Scenes/SampleScene.unity
  artifactKey: Guid(99c9720ab356a0642a771bea13969a05) Importer(815301076,1909f56bfc062723c751e8b465ee728b)
Start importing Assets/Scenes/SampleScene.unity using Guid(99c9720ab356a0642a771bea13969a05) Importer(815301076,1909f56bfc062723c751e8b465ee728b)  -> (artifact id: '1108ad481196395380a4438c1b88b7fc') in 0.081912 seconds
  Import took 0.096033 seconds .

========================================================================
Received Import Request.
  Time since last request: 0.000520 seconds.
  path: Assets/Scenes/Main.unity
  artifactKey: Guid(57d05e608e2f74334a5d0d6f7485230b) Importer(815301076,1909f56bfc062723c751e8b465ee728b)
Start importing Assets/Scenes/Main.unity using Guid(57d05e608e2f74334a5d0d6f7485230b) Importer(815301076,1909f56bfc062723c751e8b465ee728b)  -> (artifact id: '417c04c64617b3bd638f6a6120d720a9') in 0.006269 seconds
  Import took 0.037299 seconds .

========================================================================
Received Import Request.
  Time since last request: 65.614479 seconds.
  path: Assets/Prefabs/FloorA.prefab
  artifactKey: Guid(c330d22d81a884d0dac7f488ff8d24a0) Importer(815301076,1909f56bfc062723c751e8b465ee728b)
Start importing Assets/Prefabs/FloorA.prefab using Guid(c330d22d81a884d0dac7f488ff8d24a0) Importer(815301076,1909f56bfc062723c751e8b465ee728b)  -> (artifact id: 'f8a0ae5c5147fe3b7bf4376e643a42df') in 1.001480 seconds
  Import took 1.009722 seconds .

========================================================================
Received Import Request.
  Time since last request: 1.457428 seconds.
  path: Assets/Prefabs/VerticalWall.prefab
  artifactKey: Guid(3dea2ed258cb942deaab0825c52f4d95) Importer(815301076,1909f56bfc062723c751e8b465ee728b)
Start importing Assets/Prefabs/VerticalWall.prefab using Guid(3dea2ed258cb942deaab0825c52f4d95) Importer(815301076,1909f56bfc062723c751e8b465ee728b)  -> (artifact id: 'c51a7eb89a3da54f764fb4dc19f784f2') in 0.019805 seconds
  Import took 0.028043 seconds .

========================================================================
Received Import Request.
  Time since last request: 0.092998 seconds.
  path: Assets/Prefabs/VerticalWall.prefab
  artifactKey: Guid(3dea2ed258cb942deaab0825c52f4d95) Importer(815301076,1909f56bfc062723c751e8b465ee728b)
Start importing Assets/Prefabs/VerticalWall.prefab using Guid(3dea2ed258cb942deaab0825c52f4d95) Importer(815301076,1909f56bfc062723c751e8b465ee728b)  -> (artifact id: 'c51a7eb89a3da54f764fb4dc19f784f2') in 0.011152 seconds
  Import took 0.018653 seconds .

========================================================================
Received Import Request.
  Time since last request: 1.428919 seconds.
  path: Assets/Prefabs/TT_RTS_Demo_Character.prefab
  artifactKey: Guid(9693c3f4579ea47459503f5895882b45) Importer(815301076,1909f56bfc062723c751e8b465ee728b)
Start importing Assets/Prefabs/TT_RTS_Demo_Character.prefab using Guid(9693c3f4579ea47459503f5895882b45) Importer(815301076,1909f56bfc062723c751e8b465ee728b)  -> (artifact id: '0b7521b80fb9eff4107e1d7c4217c436') in 0.908843 seconds
  Import took 0.917329 seconds .

========================================================================
Received Import Request.
  Time since last request: 0.199700 seconds.
  path: Assets/Prefabs/ObjectToNextScene.prefab
  artifactKey: Guid(4787a91457cdb4ded94878545ed57c09) Importer(815301076,1909f56bfc062723c751e8b465ee728b)
Start importing Assets/Prefabs/ObjectToNextScene.prefab using Guid(4787a91457cdb4ded94878545ed57c09) Importer(815301076,1909f56bfc062723c751e8b465ee728b)  -> (artifact id: '3181aaca568a00239f44430c7c7a4ddf') in 0.412873 seconds
  Import took 0.433869 seconds .

========================================================================
Received Import Request.
  Time since last request: 4.349240 seconds.
  path: Assets/Prefabs/LineRenderer.prefab
  artifactKey: Guid(2f1d2816d544c407896120325ad85fb2) Importer(815301076,1909f56bfc062723c751e8b465ee728b)
Start importing Assets/Prefabs/LineRenderer.prefab using Guid(2f1d2816d544c407896120325ad85fb2) Importer(815301076,1909f56bfc062723c751e8b465ee728b)  -> (artifact id: 'e1e7afa84de135d8145cf0042fc02ee0') in 0.010090 seconds
  Import took 0.019549 seconds .

========================================================================
Received Import Request.
  Time since last request: 0.053017 seconds.
  path: Assets/Prefabs/LineRenderer.prefab
  artifactKey: Guid(2f1d2816d544c407896120325ad85fb2) Importer(815301076,1909f56bfc062723c751e8b465ee728b)
Start importing Assets/Prefabs/LineRenderer.prefab using Guid(2f1d2816d544c407896120325ad85fb2) Importer(815301076,1909f56bfc062723c751e8b465ee728b)  -> (artifact id: 'e1e7afa84de135d8145cf0042fc02ee0') in 0.007444 seconds
  Import took 0.016204 seconds .

========================================================================
Received Import Request.
  Time since last request: 0.796826 seconds.
  path: Assets/Prefabs/HorizontalWall.prefab
  artifactKey: Guid(4b817be732b1647118bbb55552097fae) Importer(815301076,1909f56bfc062723c751e8b465ee728b)
Start importing Assets/Prefabs/HorizontalWall.prefab using Guid(4b817be732b1647118bbb55552097fae) Importer(815301076,1909f56bfc062723c751e8b465ee728b)  -> (artifact id: '44ed477327d710de5516fff4413ae6c4') in 0.015244 seconds
  Import took 0.023401 seconds .

========================================================================
Received Import Request.
  Time since last request: 0.001164 seconds.
  path: Assets/Prefabs/HorizontalWall.prefab
  artifactKey: Guid(4b817be732b1647118bbb55552097fae) Importer(815301076,1909f56bfc062723c751e8b465ee728b)
Start importing Assets/Prefabs/HorizontalWall.prefab using Guid(4b817be732b1647118bbb55552097fae) Importer(815301076,1909f56bfc062723c751e8b465ee728b)  -> (artifact id: '44ed477327d710de5516fff4413ae6c4') in 0.013236 seconds
  Import took 0.020821 seconds .

========================================================================
Received Import Request.
  Time since last request: 2.070418 seconds.
  path: Assets/Prefabs/Capsule.prefab
  artifactKey: Guid(f8c4318349fba4ca98bdbe78bcf49034) Importer(815301076,1909f56bfc062723c751e8b465ee728b)
Start importing Assets/Prefabs/Capsule.prefab using Guid(f8c4318349fba4ca98bdbe78bcf49034) Importer(815301076,1909f56bfc062723c751e8b465ee728b)  -> (artifact id: '348fda8690e2fd374c0c1027d4e37cd3') in 0.150132 seconds
  Import took 0.163318 seconds .

========================================================================
Received Import Request.
  Time since last request: 0.748694 seconds.
  path: Assets/Prefabs/BrickFloor 1.prefab
  artifactKey: Guid(7dbc05c526b044be9bbb2a1325889fa7) Importer(815301076,1909f56bfc062723c751e8b465ee728b)
Start importing Assets/Prefabs/BrickFloor 1.prefab using Guid(7dbc05c526b044be9bbb2a1325889fa7) Importer(815301076,1909f56bfc062723c751e8b465ee728b)  -> (artifact id: '37a7b6baf893c71840798a66f7eb1b95') in 0.024594 seconds
  Import took 0.033749 seconds .

========================================================================
Received Prepare
Registering precompiled user dll's ...
Registered in 0.011347 seconds.
Begin MonoManager ReloadAssembly
Native extension for WindowsStandalone target not found
Native extension for OSXStandalone target not found
Native extension for WebGL target not found
Refreshing native plugins compatible for Editor in 0.91 ms, found 1 plugins.
Preloading 0 native plugins for Editor in 0.00 ms.
Mono: successfully reloaded assembly
- Completed reload, in  2.252 seconds
Platform modules already initialized, skipping
Shader 'Universal Render Pipeline/Particles/Lit': fallback shader 'Universal Render Pipeline/Particles/SimpleLit' not found
Refreshing native plugins compatible for Editor in 0.91 ms, found 1 plugins.
Preloading 0 native plugins for Editor in 0.00 ms.
Unloading 2996 Unused Serialized files (Serialized files now loaded: 0)
System memory in use before: 206.9 MB.
System memory in use after: 207.1 MB.

Unloading 30 unused Assets to reduce memory usage. Loaded Objects now: 3623.
Total: 3.744124 ms (FindLiveObjects: 0.562683 ms CreateObjectMapping: 0.268006 ms MarkObjects: 2.872342 ms  DeleteObjects: 0.039079 ms)

========================================================================
Received Import Request.
  Time since last request: 522.335643 seconds.
  path: Assets/Not my assets/Skull Platform/Demo
  artifactKey: Guid(fe261d6256f2d954390765b6708c238c) Importer(815301076,1909f56bfc062723c751e8b465ee728b)
Start importing Assets/Not my assets/Skull Platform/Demo using Guid(fe261d6256f2d954390765b6708c238c) Importer(815301076,1909f56bfc062723c751e8b465ee728b)  -> (artifact id: 'ea4ad953dcf453e39b3e475ddd27002d') in 0.009783 seconds
  Import took 0.025827 seconds .

========================================================================
Received Import Request.
  Time since last request: 1.786195 seconds.
  path: Assets/Not my assets/Skull Platform/Demo/Platform.unity
  artifactKey: Guid(696d5a744ed94f44d8b9aa9cb07b7e7b) Importer(815301076,1909f56bfc062723c751e8b465ee728b)
Start importing Assets/Not my assets/Skull Platform/Demo/Platform.unity using Guid(696d5a744ed94f44d8b9aa9cb07b7e7b) Importer(815301076,1909f56bfc062723c751e8b465ee728b)  -> (artifact id: '88b0da6709b7dfeab7cb6b13a04b07c5') in 0.033474 seconds
  Import took 0.045763 seconds .

========================================================================
Received Prepare
Registering precompiled user dll's ...
Registered in 0.011251 seconds.
Begin MonoManager ReloadAssembly
Native extension for WindowsStandalone target not found
Native extension for OSXStandalone target not found
Native extension for WebGL target not found
Refreshing native plugins compatible for Editor in 0.94 ms, found 1 plugins.
Preloading 0 native plugins for Editor in 0.00 ms.
Mono: successfully reloaded assembly
- Completed reload, in  2.122 seconds
Platform modules already initialized, skipping
Shader 'Universal Render Pipeline/Particles/Lit': fallback shader 'Universal Render Pipeline/Particles/SimpleLit' not found
Refreshing native plugins compatible for Editor in 0.96 ms, found 1 plugins.
Preloading 0 native plugins for Editor in 0.00 ms.
Unloading 2995 Unused Serialized files (Serialized files now loaded: 0)
System memory in use before: 207.0 MB.
System memory in use after: 207.2 MB.

Unloading 30 unused Assets to reduce memory usage. Loaded Objects now: 3626.
Total: 4.213100 ms (FindLiveObjects: 0.757420 ms CreateObjectMapping: 0.265304 ms MarkObjects: 3.118564 ms  DeleteObjects: 0.038042 ms)

========================================================================
Received Import Request.
  Time since last request: 947.007686 seconds.
  path: Assets/Not my assets/DungeonVoxels/Models/Materials/fbBrickFloor_A.png
  artifactKey: Guid(ef5932176c71c4b53badbd9ac8d0a1dc) Importer(815301076,1909f56bfc062723c751e8b465ee728b)
Start importing Assets/Not my assets/DungeonVoxels/Models/Materials/fbBrickFloor_A.png using Guid(ef5932176c71c4b53badbd9ac8d0a1dc) Importer(815301076,1909f56bfc062723c751e8b465ee728b)  -> (artifact id: 'a304c1e82801282d84cc73e76359e9ca') in 2.986902 seconds
  Import took 3.045287 seconds .

========================================================================
Received Import Request.
  Time since last request: 302.553529 seconds.
  path: Assets/Not my assets/DungeonVoxels
  artifactKey: Guid(b8a4417e8cb414dedb095166f1050734) Importer(815301076,1909f56bfc062723c751e8b465ee728b)
Start importing Assets/Not my assets/DungeonVoxels using Guid(b8a4417e8cb414dedb095166f1050734) Importer(815301076,1909f56bfc062723c751e8b465ee728b)  -> (artifact id: '674c72e8dc7a3aa63b5914c7ae55e0e1') in 0.004968 seconds
  Import took 0.022922 seconds .

========================================================================
Received Import Request.
  Time since last request: 1.008328 seconds.
  path: Assets/Not my assets/DungeonVoxels/Scenes
  artifactKey: Guid(de4c07e5c3ff74662b065fd22f0055a5) Importer(815301076,1909f56bfc062723c751e8b465ee728b)
Start importing Assets/Not my assets/DungeonVoxels/Scenes using Guid(de4c07e5c3ff74662b065fd22f0055a5) Importer(815301076,1909f56bfc062723c751e8b465ee728b)  -> (artifact id: 'abbce66ff7e4017f7bc6d8518639f7f4') in 0.004390 seconds
  Import took 0.016351 seconds .

========================================================================
Received Import Request.
  Time since last request: 2.117895 seconds.
  path: Assets/Not my assets/DungeonVoxels/Prefabs
  artifactKey: Guid(e6c93c0b633c143b4a504e0102892330) Importer(815301076,1909f56bfc062723c751e8b465ee728b)
Start importing Assets/Not my assets/DungeonVoxels/Prefabs using Guid(e6c93c0b633c143b4a504e0102892330) Importer(815301076,1909f56bfc062723c751e8b465ee728b)  -> (artifact id: '80cb0af8be0c11c04d34aea8e109877c') in 0.002545 seconds
  Import took 0.014202 seconds .

========================================================================
Received Prepare
Registering precompiled user dll's ...
Registered in 0.011974 seconds.
Begin MonoManager ReloadAssembly
Native extension for WindowsStandalone target not found
Native extension for OSXStandalone target not found
Native extension for WebGL target not found
Refreshing native plugins compatible for Editor in 1.42 ms, found 1 plugins.
Preloading 0 native plugins for Editor in 0.00 ms.
Mono: successfully reloaded assembly
- Completed reload, in  2.958 seconds
Platform modules already initialized, skipping
Shader 'Universal Render Pipeline/Particles/Lit': fallback shader 'Universal Render Pipeline/Particles/SimpleLit' not found
Refreshing native plugins compatible for Editor in 1.31 ms, found 1 plugins.
Preloading 0 native plugins for Editor in 0.00 ms.
Unloading 2995 Unused Serialized files (Serialized files now loaded: 0)
System memory in use before: 278.9 MB.
System memory in use after: 279.1 MB.

Unloading 30 unused Assets to reduce memory usage. Loaded Objects now: 3631.
Total: 5.249125 ms (FindLiveObjects: 0.731653 ms CreateObjectMapping: 0.323084 ms MarkObjects: 4.106581 ms  DeleteObjects: 0.084463 ms)

========================================================================
Received Import Request.
  Time since last request: 504.158775 seconds.
  path: Assets/Not my assets/DungeonVoxels/Scenes/BaseVoxels.unity
  artifactKey: Guid(86cef8505b69a4b8484d977608e68ebf) Importer(815301076,1909f56bfc062723c751e8b465ee728b)
Start importing Assets/Not my assets/DungeonVoxels/Scenes/BaseVoxels.unity using Guid(86cef8505b69a4b8484d977608e68ebf) Importer(815301076,1909f56bfc062723c751e8b465ee728b)  -> (artifact id: '035518cbfb91db380e6bb26650b07b7c') in 0.078740 seconds
  Import took 0.127839 seconds .

========================================================================
Received Import Request.
  Time since last request: 1.776055 seconds.
  path: Assets/Not my assets/DungeonVoxels/Scenes/ModuleVoxels.unity
  artifactKey: Guid(112b26611781c487abfd3f3618d9ff42) Importer(815301076,1909f56bfc062723c751e8b465ee728b)
Start importing Assets/Not my assets/DungeonVoxels/Scenes/ModuleVoxels.unity using Guid(112b26611781c487abfd3f3618d9ff42) Importer(815301076,1909f56bfc062723c751e8b465ee728b)  -> (artifact id: '24055ed2d97d2170c9dfdff1b7b91b2c') in 0.005095 seconds
  Import took 0.019900 seconds .

========================================================================
Received Import Request.
  Time since last request: 136.404918 seconds.
  path: Assets/Not my assets/DungeonVoxels/Models/Materials/fbKnight.png
  artifactKey: Guid(cdc8b23fb5bfe470884524c9f917125f) Importer(815301076,1909f56bfc062723c751e8b465ee728b)
Start importing Assets/Not my assets/DungeonVoxels/Models/Materials/fbKnight.png using Guid(cdc8b23fb5bfe470884524c9f917125f) Importer(815301076,1909f56bfc062723c751e8b465ee728b)  -> (artifact id: 'e5b48e7ff25e04ca25c61b15cb7a9f90') in 0.064218 seconds
  Import took 0.072871 seconds .

========================================================================
Received Import Request.
  Time since last request: 0.038694 seconds.
  path: Assets/Not my assets/DungeonVoxels/Models/Materials/fbKnight.png
  artifactKey: Guid(cdc8b23fb5bfe470884524c9f917125f) Importer(815301076,1909f56bfc062723c751e8b465ee728b)
Start importing Assets/Not my assets/DungeonVoxels/Models/Materials/fbKnight.png using Guid(cdc8b23fb5bfe470884524c9f917125f) Importer(815301076,1909f56bfc062723c751e8b465ee728b)  -> (artifact id: 'e5b48e7ff25e04ca25c61b15cb7a9f90') in 0.019748 seconds
  Import took 0.040844 seconds .

========================================================================
Received Import Request.
  Time since last request: 16.826777 seconds.
  path: Assets/Not my assets/DungeonVoxels/Models/Materials/fbBrickWallWell_Empty.png
  artifactKey: Guid(9aab3b91e51a14ec3affc270741179ca) Importer(815301076,1909f56bfc062723c751e8b465ee728b)
Start importing Assets/Not my assets/DungeonVoxels/Models/Materials/fbBrickWallWell_Empty.png using Guid(9aab3b91e51a14ec3affc270741179ca) Importer(815301076,1909f56bfc062723c751e8b465ee728b)  -> (artifact id: 'fed89f2f4b32bd98553a06b8f4cfd9b2') in 0.012936 seconds
  Import took 0.022031 seconds .

========================================================================
Received Import Request.
  Time since last request: 101.822834 seconds.
  path: Assets/Not my assets/DungeonVoxels/Models/fbKnight.fbx
  artifactKey: Guid(bc1857a9becc04adc87b822df0ae53e9) Importer(815301076,1909f56bfc062723c751e8b465ee728b)
Start importing Assets/Not my assets/DungeonVoxels/Models/fbKnight.fbx using Guid(bc1857a9becc04adc87b822df0ae53e9) Importer(815301076,1909f56bfc062723c751e8b465ee728b)  -> (artifact id: '9d7c752767daffe9d69d82d9960e5f12') in 1.116733 seconds
  Import took 1.124407 seconds .

========================================================================
Received Import Request.
  Time since last request: 8.563303 seconds.
  path: Assets/Not my assets/DungeonVoxels/Prefabs/fbKnight.prefab
  artifactKey: Guid(b43b669b3f2c34cec8b2ec2f921e6d35) Importer(815301076,1909f56bfc062723c751e8b465ee728b)
Start importing Assets/Not my assets/DungeonVoxels/Prefabs/fbKnight.prefab using Guid(b43b669b3f2c34cec8b2ec2f921e6d35) Importer(815301076,1909f56bfc062723c751e8b465ee728b)  -> (artifact id: '17282254fef4e8d25bcee30a01bb2672') in 0.020216 seconds
  Import took 0.030831 seconds .

========================================================================
Received Import Request.
  Time since last request: 0.019093 seconds.
  path: Assets/Not my assets/DungeonVoxels/Prefabs/fbKnight.prefab
  artifactKey: Guid(b43b669b3f2c34cec8b2ec2f921e6d35) Importer(815301076,1909f56bfc062723c751e8b465ee728b)
Start importing Assets/Not my assets/DungeonVoxels/Prefabs/fbKnight.prefab using Guid(b43b669b3f2c34cec8b2ec2f921e6d35) Importer(815301076,1909f56bfc062723c751e8b465ee728b)  -> (artifact id: '17282254fef4e8d25bcee30a01bb2672') in 0.012752 seconds
  Import took 0.021175 seconds .

========================================================================
Received Import Request.
  Time since last request: 7.537694 seconds.
  path: Assets/Not my assets/DungeonVoxels/Prefabs/fbBrickVase.prefab
  artifactKey: Guid(8e00ec28c81114d0dadb9baa427648f0) Importer(815301076,1909f56bfc062723c751e8b465ee728b)
Start importing Assets/Not my assets/DungeonVoxels/Prefabs/fbBrickVase.prefab using Guid(8e00ec28c81114d0dadb9baa427648f0) Importer(815301076,1909f56bfc062723c751e8b465ee728b)  -> (artifact id: '74d69c2f3405314221080b5e9998be5a') in 0.024086 seconds
  Import took 0.033304 seconds .

========================================================================
Received Import Request.
  Time since last request: 13.478254 seconds.
  path: Assets/Not my assets/DungeonVoxels/Models/Materials/fbBrickVase.png
  artifactKey: Guid(5f2db23679d954d3a97822a7a7c41054) Importer(815301076,1909f56bfc062723c751e8b465ee728b)
Start importing Assets/Not my assets/DungeonVoxels/Models/Materials/fbBrickVase.png using Guid(5f2db23679d954d3a97822a7a7c41054) Importer(815301076,1909f56bfc062723c751e8b465ee728b)  -> (artifact id: 'e82d1cd2d82fe5e96d89cf4f7e8ab7c9') in 0.015712 seconds
  Import took 0.026422 seconds .

========================================================================
Received Prepare
Registering precompiled user dll's ...
Registered in 0.003091 seconds.
Begin MonoManager ReloadAssembly
Native extension for WindowsStandalone target not found
Native extension for OSXStandalone target not found
Native extension for WebGL target not found
Refreshing native plugins compatible for Editor in 0.87 ms, found 1 plugins.
Preloading 0 native plugins for Editor in 0.00 ms.
Mono: successfully reloaded assembly
- Completed reload, in  1.993 seconds
Platform modules already initialized, skipping
Shader 'Universal Render Pipeline/Particles/Lit': fallback shader 'Universal Render Pipeline/Particles/SimpleLit' not found
Refreshing native plugins compatible for Editor in 0.85 ms, found 1 plugins.
Preloading 0 native plugins for Editor in 0.00 ms.
Unloading 2995 Unused Serialized files (Serialized files now loaded: 0)
System memory in use before: 353.0 MB.
System memory in use after: 353.2 MB.

Unloading 30 unused Assets to reduce memory usage. Loaded Objects now: 3675.
Total: 3.561992 ms (FindLiveObjects: 0.586305 ms CreateObjectMapping: 0.261857 ms MarkObjects: 2.675510 ms  DeleteObjects: 0.036861 ms)

========================================================================
Received Import Request.
  Time since last request: 356.406763 seconds.
  path: Assets/Not my assets/DungeonVoxels/Prefabs/fbBrickWallTorch.prefab
  artifactKey: Guid(8ea5e288cde8c4a90bf45500b74b2f89) Importer(815301076,1909f56bfc062723c751e8b465ee728b)
Start importing Assets/Not my assets/DungeonVoxels/Prefabs/fbBrickWallTorch.prefab using Guid(8ea5e288cde8c4a90bf45500b74b2f89) Importer(815301076,1909f56bfc062723c751e8b465ee728b)  -> (artifact id: 'af6867a30be49cd52fdf19469904edac') in 0.367853 seconds
  Import took 0.377847 seconds .

========================================================================
Received Prepare
Registering precompiled user dll's ...
Registered in 0.012862 seconds.
Begin MonoManager ReloadAssembly
Native extension for WindowsStandalone target not found
Native extension for OSXStandalone target not found
Native extension for WebGL target not found
Refreshing native plugins compatible for Editor in 0.97 ms, found 1 plugins.
Preloading 0 native plugins for Editor in 0.00 ms.
Mono: successfully reloaded assembly
- Completed reload, in  1.890 seconds
Platform modules already initialized, skipping
Shader 'Universal Render Pipeline/Particles/Lit': fallback shader 'Universal Render Pipeline/Particles/SimpleLit' not found
Refreshing native plugins compatible for Editor in 0.87 ms, found 1 plugins.
Preloading 0 native plugins for Editor in 0.00 ms.
Unloading 2995 Unused Serialized files (Serialized files now loaded: 0)
System memory in use before: 354.7 MB.
System memory in use after: 354.9 MB.

Unloading 30 unused Assets to reduce memory usage. Loaded Objects now: 3714.
Total: 3.748811 ms (FindLiveObjects: 0.621601 ms CreateObjectMapping: 0.352621 ms MarkObjects: 2.738358 ms  DeleteObjects: 0.034816 ms)

========================================================================
Received Prepare
Registering precompiled user dll's ...
Registered in 0.003402 seconds.
Begin MonoManager ReloadAssembly
Native extension for WindowsStandalone target not found
Native extension for OSXStandalone target not found
Native extension for WebGL target not found
Refreshing native plugins compatible for Editor in 0.87 ms, found 1 plugins.
Preloading 0 native plugins for Editor in 0.00 ms.
Mono: successfully reloaded assembly
- Completed reload, in  1.786 seconds
Platform modules already initialized, skipping
Shader 'Universal Render Pipeline/Particles/Lit': fallback shader 'Universal Render Pipeline/Particles/SimpleLit' not found
Refreshing native plugins compatible for Editor in 0.86 ms, found 1 plugins.
Preloading 0 native plugins for Editor in 0.00 ms.
Unloading 2995 Unused Serialized files (Serialized files now loaded: 0)
System memory in use before: 354.8 MB.
System memory in use after: 355.1 MB.

Unloading 30 unused Assets to reduce memory usage. Loaded Objects now: 3717.
Total: 3.416104 ms (FindLiveObjects: 0.441483 ms CreateObjectMapping: 0.202003 ms MarkObjects: 2.740205 ms  DeleteObjects: 0.031251 ms)

========================================================================
Received Prepare
Registering precompiled user dll's ...
Registered in 0.035362 seconds.
Begin MonoManager ReloadAssembly
Native extension for WindowsStandalone target not found
Native extension for OSXStandalone target not found
Native extension for WebGL target not found
Refreshing native plugins compatible for Editor in 2.08 ms, found 1 plugins.
Preloading 0 native plugins for Editor in 0.00 ms.
Mono: successfully reloaded assembly
- Completed reload, in  8.748 seconds
Platform modules already initialized, skipping
Shader 'Universal Render Pipeline/Particles/Lit': fallback shader 'Universal Render Pipeline/Particles/SimpleLit' not found
Refreshing native plugins compatible for Editor in 1.93 ms, found 1 plugins.
Preloading 0 native plugins for Editor in 0.00 ms.
Unloading 2995 Unused Serialized files (Serialized files now loaded: 0)
System memory in use before: 355.0 MB.
System memory in use after: 355.2 MB.

Unloading 30 unused Assets to reduce memory usage. Loaded Objects now: 3720.
Total: 20.819135 ms (FindLiveObjects: 4.484417 ms CreateObjectMapping: 0.432292 ms MarkObjects: 15.835637 ms  DeleteObjects: 0.064559 ms)

========================================================================
Received Prepare
Registering precompiled user dll's ...
Registered in 0.013699 seconds.
Begin MonoManager ReloadAssembly
Native extension for WindowsStandalone target not found
Native extension for OSXStandalone target not found
Native extension for WebGL target not found
Refreshing native plugins compatible for Editor in 0.87 ms, found 1 plugins.
Preloading 0 native plugins for Editor in 0.00 ms.
Mono: successfully reloaded assembly
- Completed reload, in  1.908 seconds
Platform modules already initialized, skipping
Shader 'Universal Render Pipeline/Particles/Lit': fallback shader 'Universal Render Pipeline/Particles/SimpleLit' not found
Refreshing native plugins compatible for Editor in 1.02 ms, found 1 plugins.
Preloading 0 native plugins for Editor in 0.00 ms.
Unloading 2995 Unused Serialized files (Serialized files now loaded: 0)
System memory in use before: 355.2 MB.
System memory in use after: 355.4 MB.

Unloading 30 unused Assets to reduce memory usage. Loaded Objects now: 3723.
Total: 4.411890 ms (FindLiveObjects: 0.634394 ms CreateObjectMapping: 0.332287 ms MarkObjects: 3.386606 ms  DeleteObjects: 0.056301 ms)

AssetImportWorkerClient::OnTransportError - code=2 error=End of file
